[08-Dec-2017 17:46:14 PRC] PHP Fatal error:  Allowed memory size of 134217728 bytes exhausted (tried to allocate 32 bytes) in /aedata/www/tongji.yougou520.cn/extend/excel/PHPExcel/Cell.php on line 586
[08-Dec-2017 17:56:34 PRC] PHP Fatal error:  Allowed memory size of 134217728 bytes exhausted (tried to allocate 32 bytes) in /aedata/www/tongji.yougou520.cn/extend/excel/PHPExcel/Cell.php on line 586
[08-Dec-2017 18:11:37 PRC] PHP Fatal error:  Allowed memory size of 134217728 bytes exhausted (tried to allocate 16777216 bytes) in /aedata/www/tongji.yougou520.cn/extend/excel/PHPExcel/Worksheet.php on line 1213
[08-Dec-2017 18:14:18 PRC] PHP Fatal error:  Allowed memory size of 134217728 bytes exhausted (tried to allocate 32 bytes) in /aedata/www/tongji.yougou520.cn/extend/excel/PHPExcel/Cell.php on line 586
[08-Dec-2017 18:26:28 PRC] PHP Fatal error:  Allowed memory size of 134217728 bytes exhausted (tried to allocate 16777216 bytes) in /aedata/www/tongji.yougou520.cn/extend/excel/PHPExcel/Worksheet.php on line 1213
[08-Dec-2017 19:06:59 PRC] PHP Fatal error:  Allowed memory size of 134217728 bytes exhausted (tried to allocate 2097152 bytes) in /aedata/www/tongji.yougou520.cn/extend/excel/PHPExcel/CachedObjectStorage/CacheBase.php on line 164
[08-Dec-2017 19:07:03 PRC] PHP Fatal error:  Allowed memory size of 134217728 bytes exhausted (tried to allocate 2097152 bytes) in /aedata/www/tongji.yougou520.cn/extend/excel/PHPExcel/CachedObjectStorage/CacheBase.php on line 164
[08-Dec-2017 19:07:16 PRC] PHP Fatal error:  Allowed memory size of 134217728 bytes exhausted (tried to allocate 2097152 bytes) in /aedata/www/tongji.yougou520.cn/extend/excel/PHPExcel/CachedObjectStorage/CacheBase.php on line 164
[08-Dec-2017 19:07:20 PRC] PHP Fatal error:  Allowed memory size of 134217728 bytes exhausted (tried to allocate 2097152 bytes) in /aedata/www/tongji.yougou520.cn/extend/excel/PHPExcel/CachedObjectStorage/CacheBase.php on line 164
[08-Dec-2017 19:07:24 PRC] PHP Fatal error:  Allowed memory size of 134217728 bytes exhausted (tried to allocate 2097152 bytes) in /aedata/www/tongji.yougou520.cn/extend/excel/PHPExcel/CachedObjectStorage/CacheBase.php on line 164
[08-Dec-2017 19:07:28 PRC] PHP Fatal error:  Allowed memory size of 134217728 bytes exhausted (tried to allocate 2097152 bytes) in /aedata/www/tongji.yougou520.cn/extend/excel/PHPExcel/CachedObjectStorage/CacheBase.php on line 164
[08-Dec-2017 19:08:31 PRC] PHP Fatal error:  Allowed memory size of 134217728 bytes exhausted (tried to allocate 85 bytes) in /aedata/www/tongji.yougou520.cn/extend/excel/PHPExcel/CachedObjectStorage/CacheBase.php on line 177
[09-Dec-2017 09:41:12 PRC] PHP Fatal error:  Allowed memory size of 134217728 bytes exhausted (tried to allocate 8388608 bytes) in /aedata/www/tongji.yougou520.cn/extend/excel/PHPExcel/Worksheet.php on line 1213
[09-Dec-2017 09:44:42 PRC] PHP Fatal error:  Allowed memory size of 134217728 bytes exhausted (tried to allocate 8388608 bytes) in /aedata/www/tongji.yougou520.cn/extend/excel/PHPExcel/Worksheet.php on line 1213
[09-Dec-2017 09:45:22 PRC] PHP Fatal error:  Allowed memory size of 134217728 bytes exhausted (tried to allocate 8388608 bytes) in /aedata/www/tongji.yougou520.cn/extend/excel/PHPExcel/Worksheet.php on line 1213
[09-Dec-2017 09:46:46 PRC] PHP Fatal error:  Allowed memory size of 134217728 bytes exhausted (tried to allocate 8388608 bytes) in /aedata/www/tongji.yougou520.cn/extend/excel/PHPExcel/Worksheet.php on line 1213
[09-Dec-2017 10:03:00 PRC] PHP Fatal error:  Allowed memory size of 268435456 bytes exhausted (tried to allocate 85 bytes) in /aedata/www/tongji.yougou520.cn/extend/excel/PHPExcel/CachedObjectStorage/CacheBase.php on line 177
[09-Dec-2017 10:05:30 PRC] PHP Fatal error:  Allowed memory size of 268435456 bytes exhausted (tried to allocate 85 bytes) in /aedata/www/tongji.yougou520.cn/extend/excel/PHPExcel/CachedObjectStorage/CacheBase.php on line 177
[09-Dec-2017 10:09:00 PRC] PHP Fatal error:  Allowed memory size of 268435456 bytes exhausted (tried to allocate 85 bytes) in /aedata/www/tongji.yougou520.cn/extend/excel/PHPExcel/CachedObjectStorage/CacheBase.php on line 177
[09-Dec-2017 10:16:54 PRC] PHP Fatal error:  Allowed memory size of 268435456 bytes exhausted (tried to allocate 85 bytes) in /aedata/www/tongji.yougou520.cn/extend/excel/PHPExcel/CachedObjectStorage/CacheBase.php on line 177
[09-Dec-2017 10:17:53 PRC] PHP Fatal error:  Allowed memory size of 268435456 bytes exhausted (tried to allocate 85 bytes) in /aedata/www/tongji.yougou520.cn/extend/excel/PHPExcel/CachedObjectStorage/CacheBase.php on line 177
[09-Dec-2017 10:56:13 PRC] PHP Fatal error:  Allowed memory size of 268435456 bytes exhausted (tried to allocate 85 bytes) in /aedata/www/tongji.yougou520.cn/extend/excel/PHPExcel/CachedObjectStorage/CacheBase.php on line 177
[09-Dec-2017 11:04:00 PRC] PHP Fatal error:  Namespace declaration statement has to be the very first statement in the script in /aedata/www/tongji.yougou520.cn/application/admin/controller/Adcount.php on line 3
[09-Dec-2017 11:05:46 PRC] PHP Fatal error:  Allowed memory size of 268435456 bytes exhausted (tried to allocate 85 bytes) in /aedata/www/tongji.yougou520.cn/extend/excel/PHPExcel/CachedObjectStorage/CacheBase.php on line 177
[09-Dec-2017 11:06:26 PRC] PHP Fatal error:  Allowed memory size of 268435456 bytes exhausted (tried to allocate 85 bytes) in /aedata/www/tongji.yougou520.cn/extend/excel/PHPExcel/CachedObjectStorage/CacheBase.php on line 177
[12-Dec-2017 11:45:12 PRC] PHP Fatal error:  Call to a member function render() on array in /aedata/www/tongji.yougou520.cn/runtime/temp/bbd9a665e1c3f41f10dd4e57754829af.php on line 140
[14-Dec-2017 03:51:06 UTC] PHP Warning:  phpinfo(): It is not safe to rely on the system's timezone settings. You are *required* to use the date.timezone setting or the date_default_timezone_set() function. In case you used any of those methods and you are still getting this warning, you most likely misspelled the timezone identifier. We selected the timezone 'UTC' for now, but please set date.timezone to select your timezone. in /aedata/www/xxltj.yougou520.cn/public/test.php on line 2
[14-Dec-2017 04:44:15 UTC] PHP Warning:  phpinfo(): It is not safe to rely on the system's timezone settings. You are *required* to use the date.timezone setting or the date_default_timezone_set() function. In case you used any of those methods and you are still getting this warning, you most likely misspelled the timezone identifier. We selected the timezone 'UTC' for now, but please set date.timezone to select your timezone. in /aedata/www/xxltj.yougou520.cn/public/test.php on line 2
[14-Dec-2017 11:05:08 UTC] PHP Warning:  phpinfo(): It is not safe to rely on the system's timezone settings. You are *required* to use the date.timezone setting or the date_default_timezone_set() function. In case you used any of those methods and you are still getting this warning, you most likely misspelled the timezone identifier. We selected the timezone 'UTC' for now, but please set date.timezone to select your timezone. in /aedata/www/xxltj.yougou520.cn/public/test.php on line 2
[20-Dec-2017 16:34:11 PRC] PHP Fatal error:  Call to a member function render() on array in /aedata/www/xxltj.yougou520.cn/runtime/temp/bbd9a665e1c3f41f10dd4e57754829af.php on line 142
[20-Dec-2017 16:34:25 PRC] PHP Fatal error:  Call to a member function render() on array in /aedata/www/xxltj.yougou520.cn/runtime/temp/bbd9a665e1c3f41f10dd4e57754829af.php on line 142
[20-Dec-2017 16:34:29 PRC] PHP Fatal error:  Call to a member function render() on array in /aedata/www/xxltj.yougou520.cn/runtime/temp/bbd9a665e1c3f41f10dd4e57754829af.php on line 142
